2023-05-12 15:44:50.240 [main] INFO  com.xl.parking.ParkingApplication - Starting ParkingApplication on SeasondeMacBook-Pro-2.local with PID 24343 (/Users/season/Projects/code51.cn_源码乐园/code/code/target/classes started by season in /Users/season/Projects/code51.cn_源码乐园/code/code)
2023-05-12 15:44:50.241 [main] INFO  com.xl.parking.ParkingApplication - No active profile set, falling back to default profiles: default
2023-05-12 15:44:50.459 [main] INFO  o.s.d.r.config.RepositoryConfigurationDelegate - Multiple Spring Data modules found, entering strict repository configuration mode!
2023-05-12 15:44:50.460 [main] INFO  o.s.d.r.config.RepositoryConfigurationDelegate - Bootstrapping Spring Data Redis repositories in DEFAULT mode.
2023-05-12 15:44:50.473 [main] INFO  o.s.d.r.config.RepositoryConfigurationDelegate - Finished Spring Data repository scanning in 8ms. Found 0 Redis repository interfaces.
2023-05-12 15:44:50.641 [main] INFO  o.s.c.s.PostProcessorRegistrationDelegate$BeanPostProcessorChecker - Bean 'spring.datasource.dynamic-com.baomidou.dynamic.datasource.spring.boot.autoconfigure.DynamicDataSourceProperties' of type [com.baomidou.dynamic.datasource.spring.boot.autoconfigure.DynamicDataSourceProperties] is not eligible for getting processed by all BeanPostProcessors (for example: not eligible for auto-proxying)
2023-05-12 15:44:50.643 [main] INFO  o.s.c.s.PostProcessorRegistrationDelegate$BeanPostProcessorChecker - Bean 'com.baomidou.dynamic.datasource.spring.boot.autoconfigure.DynamicDataSourceAutoConfiguration' of type [com.baomidou.dynamic.datasource.spring.boot.autoconfigure.DynamicDataSourceAutoConfiguration$$EnhancerBySpringCGLIB$$548244a1] is not eligible for getting processed by all BeanPostProcessors (for example: not eligible for auto-proxying)
2023-05-12 15:44:50.688 [main] INFO  o.s.c.s.PostProcessorRegistrationDelegate$BeanPostProcessorChecker - Bean 'dsProcessor' of type [com.baomidou.dynamic.datasource.processor.DsHeaderProcessor] is not eligible for getting processed by all BeanPostProcessors (for example: not eligible for auto-proxying)
2023-05-12 15:44:50.802 [main] INFO  o.s.boot.web.embedded.tomcat.TomcatWebServer - Tomcat initialized with port(s): 9000 (http)
2023-05-12 15:44:50.806 [main] INFO  org.apache.coyote.http11.Http11NioProtocol - Initializing ProtocolHandler ["http-nio-9000"]
2023-05-12 15:44:50.806 [main] INFO  org.apache.catalina.core.StandardService - Starting service [Tomcat]
2023-05-12 15:44:50.806 [main] INFO  org.apache.catalina.core.StandardEngine - Starting Servlet engine: [Apache Tomcat/9.0.41]
2023-05-12 15:44:50.839 [main] INFO  o.a.c.core.ContainerBase.[Tomcat].[localhost].[/] - Initializing Spring embedded WebApplicationContext
2023-05-12 15:44:50.839 [main] INFO  o.s.b.w.s.c.ServletWebServerApplicationContext - Root WebApplicationContext: initialization completed in 584 ms
2023-05-12 15:44:50.993 [main] INFO  com.alibaba.druid.pool.DruidDataSource - {dataSource-1,master} inited
2023-05-12 15:44:50.994 [main] INFO  org.apache.catalina.core.StandardService - Stopping service [Tomcat]
2023-05-12 15:44:50.998 [Druid-ConnectionPool-Create-1111867240] INFO  com.alibaba.druid.pool.DruidAbstractDataSource - {dataSource-1} failContinuous is true
2023-05-12 15:44:51.005 [main] INFO  o.s.b.a.l.ConditionEvaluationReportLoggingListener - 

Error starting ApplicationContext. To display the conditions report re-run your application with 'debug' enabled.
2023-05-12 15:53:34.154 [main] INFO  com.xl.parking.ParkingApplication - Starting ParkingApplication on SeasondeMacBook-Pro-2.local with PID 24618 (/Users/season/Projects/code51.cn_源码乐园/code/code/target/classes started by season in /Users/season/Projects/code51.cn_源码乐园/code/code)
2023-05-12 15:53:34.156 [main] INFO  com.xl.parking.ParkingApplication - No active profile set, falling back to default profiles: default
2023-05-12 15:53:34.384 [main] INFO  o.s.d.r.config.RepositoryConfigurationDelegate - Multiple Spring Data modules found, entering strict repository configuration mode!
2023-05-12 15:53:34.385 [main] INFO  o.s.d.r.config.RepositoryConfigurationDelegate - Bootstrapping Spring Data Redis repositories in DEFAULT mode.
2023-05-12 15:53:34.398 [main] INFO  o.s.d.r.config.RepositoryConfigurationDelegate - Finished Spring Data repository scanning in 8ms. Found 0 Redis repository interfaces.
2023-05-12 15:53:34.562 [main] INFO  o.s.c.s.PostProcessorRegistrationDelegate$BeanPostProcessorChecker - Bean 'spring.datasource.dynamic-com.baomidou.dynamic.datasource.spring.boot.autoconfigure.DynamicDataSourceProperties' of type [com.baomidou.dynamic.datasource.spring.boot.autoconfigure.DynamicDataSourceProperties] is not eligible for getting processed by all BeanPostProcessors (for example: not eligible for auto-proxying)
2023-05-12 15:53:34.563 [main] INFO  o.s.c.s.PostProcessorRegistrationDelegate$BeanPostProcessorChecker - Bean 'com.baomidou.dynamic.datasource.spring.boot.autoconfigure.DynamicDataSourceAutoConfiguration' of type [com.baomidou.dynamic.datasource.spring.boot.autoconfigure.DynamicDataSourceAutoConfiguration$$EnhancerBySpringCGLIB$$d6b4a0d6] is not eligible for getting processed by all BeanPostProcessors (for example: not eligible for auto-proxying)
2023-05-12 15:53:34.607 [main] INFO  o.s.c.s.PostProcessorRegistrationDelegate$BeanPostProcessorChecker - Bean 'dsProcessor' of type [com.baomidou.dynamic.datasource.processor.DsHeaderProcessor] is not eligible for getting processed by all BeanPostProcessors (for example: not eligible for auto-proxying)
2023-05-12 15:53:34.714 [main] INFO  o.s.boot.web.embedded.tomcat.TomcatWebServer - Tomcat initialized with port(s): 9000 (http)
2023-05-12 15:53:34.717 [main] INFO  org.apache.coyote.http11.Http11NioProtocol - Initializing ProtocolHandler ["http-nio-9000"]
2023-05-12 15:53:34.718 [main] INFO  org.apache.catalina.core.StandardService - Starting service [Tomcat]
2023-05-12 15:53:34.718 [main] INFO  org.apache.catalina.core.StandardEngine - Starting Servlet engine: [Apache Tomcat/9.0.41]
2023-05-12 15:53:34.750 [main] INFO  o.a.c.core.ContainerBase.[Tomcat].[localhost].[/] - Initializing Spring embedded WebApplicationContext
2023-05-12 15:53:34.750 [main] INFO  o.s.b.w.s.c.ServletWebServerApplicationContext - Root WebApplicationContext: initialization completed in 578 ms
2023-05-12 15:53:34.904 [main] INFO  com.alibaba.druid.pool.DruidDataSource - {dataSource-1,master} inited
2023-05-12 15:53:34.905 [main] INFO  org.apache.catalina.core.StandardService - Stopping service [Tomcat]
2023-05-12 15:53:34.908 [Druid-ConnectionPool-Create-1002146838] INFO  com.alibaba.druid.pool.DruidAbstractDataSource - {dataSource-1} failContinuous is true
2023-05-12 15:53:34.916 [main] INFO  o.s.b.a.l.ConditionEvaluationReportLoggingListener - 

Error starting ApplicationContext. To display the conditions report re-run your application with 'debug' enabled.
2023-05-12 15:54:43.323 [main] INFO  com.xl.parking.ParkingApplication - Starting ParkingApplication on SeasondeMacBook-Pro-2.local with PID 24641 (/Users/season/Projects/code51.cn_源码乐园/code/code/target/classes started by season in /Users/season/Projects/code51.cn_源码乐园/code/code)
2023-05-12 15:54:43.324 [main] INFO  com.xl.parking.ParkingApplication - No active profile set, falling back to default profiles: default
2023-05-12 15:54:43.563 [main] INFO  o.s.d.r.config.RepositoryConfigurationDelegate - Multiple Spring Data modules found, entering strict repository configuration mode!
2023-05-12 15:54:43.564 [main] INFO  o.s.d.r.config.RepositoryConfigurationDelegate - Bootstrapping Spring Data Redis repositories in DEFAULT mode.
2023-05-12 15:54:43.577 [main] INFO  o.s.d.r.config.RepositoryConfigurationDelegate - Finished Spring Data repository scanning in 8ms. Found 0 Redis repository interfaces.
2023-05-12 15:54:43.740 [main] INFO  o.s.c.s.PostProcessorRegistrationDelegate$BeanPostProcessorChecker - Bean 'spring.datasource.dynamic-com.baomidou.dynamic.datasource.spring.boot.autoconfigure.DynamicDataSourceProperties' of type [com.baomidou.dynamic.datasource.spring.boot.autoconfigure.DynamicDataSourceProperties] is not eligible for getting processed by all BeanPostProcessors (for example: not eligible for auto-proxying)
2023-05-12 15:54:43.741 [main] INFO  o.s.c.s.PostProcessorRegistrationDelegate$BeanPostProcessorChecker - Bean 'com.baomidou.dynamic.datasource.spring.boot.autoconfigure.DynamicDataSourceAutoConfiguration' of type [com.baomidou.dynamic.datasource.spring.boot.autoconfigure.DynamicDataSourceAutoConfiguration$$EnhancerBySpringCGLIB$$d6b4a0d6] is not eligible for getting processed by all BeanPostProcessors (for example: not eligible for auto-proxying)
2023-05-12 15:54:43.787 [main] INFO  o.s.c.s.PostProcessorRegistrationDelegate$BeanPostProcessorChecker - Bean 'dsProcessor' of type [com.baomidou.dynamic.datasource.processor.DsHeaderProcessor] is not eligible for getting processed by all BeanPostProcessors (for example: not eligible for auto-proxying)
2023-05-12 15:54:43.892 [main] INFO  o.s.boot.web.embedded.tomcat.TomcatWebServer - Tomcat initialized with port(s): 9000 (http)
2023-05-12 15:54:43.895 [main] INFO  org.apache.coyote.http11.Http11NioProtocol - Initializing ProtocolHandler ["http-nio-9000"]
2023-05-12 15:54:43.895 [main] INFO  org.apache.catalina.core.StandardService - Starting service [Tomcat]
2023-05-12 15:54:43.895 [main] INFO  org.apache.catalina.core.StandardEngine - Starting Servlet engine: [Apache Tomcat/9.0.41]
2023-05-12 15:54:43.929 [main] INFO  o.a.c.core.ContainerBase.[Tomcat].[localhost].[/] - Initializing Spring embedded WebApplicationContext
2023-05-12 15:54:43.930 [main] INFO  o.s.b.w.s.c.ServletWebServerApplicationContext - Root WebApplicationContext: initialization completed in 590 ms
2023-05-12 15:54:44.157 [main] INFO  com.alibaba.druid.pool.DruidDataSource - {dataSource-1,master} inited
2023-05-12 15:54:44.158 [main] INFO  c.b.dynamic.datasource.DynamicRoutingDataSource - dynamic-datasource - add a datasource named [master] success
2023-05-12 15:54:44.158 [main] INFO  c.b.dynamic.datasource.DynamicRoutingDataSource - dynamic-datasource initial loaded [1] datasource,primary datasource named [master]
2023-05-12 15:54:44.474 [main] INFO  o.s.scheduling.concurrent.ThreadPoolTaskExecutor - Initializing ExecutorService 'applicationTaskExecutor'
2023-05-12 15:54:44.743 [main] INFO  org.apache.coyote.http11.Http11NioProtocol - Starting ProtocolHandler ["http-nio-9000"]
2023-05-12 15:54:44.752 [main] INFO  o.s.boot.web.embedded.tomcat.TomcatWebServer - Tomcat started on port(s): 9000 (http) with context path ''
2023-05-12 15:54:44.757 [main] INFO  com.xl.parking.ParkingApplication - Started ParkingApplication in 1.607 seconds (JVM running for 2.03)
2023-05-12 15:56:19.651 [http-nio-9000-exec-1] INFO  o.a.c.core.ContainerBase.[Tomcat].[localhost].[/] - Initializing Spring DispatcherServlet 'dispatcherServlet'
2023-05-12 15:56:19.652 [http-nio-9000-exec-1] INFO  org.springframework.web.servlet.DispatcherServlet - Initializing Servlet 'dispatcherServlet'
2023-05-12 15:56:19.656 [http-nio-9000-exec-1] INFO  org.springframework.web.servlet.DispatcherServlet - Completed initialization in 4 ms
