2023-06-20 22:49:43.886 [main] DEBUG com.xl.parking.ParkingApplication - Running with Spring Boot v2.3.7.RELEASE, Spring v5.2.12.RELEASE
2023-06-20 22:49:44.187 [main] DEBUG org.apache.ibatis.logging.LogFactory - Logging initialized using 'class org.apache.ibatis.logging.slf4j.Slf4jImpl' adapter.
2023-06-20 22:49:44.189 [main] DEBUG org.mybatis.spring.mapper.ClassPathMapperScanner - Identified candidate component class: file [/Users/season/Projects/ParkingSystem/backend/target/classes/com/xl/parking/mapper/CarMapper.class]
2023-06-20 22:49:44.189 [main] DEBUG org.mybatis.spring.mapper.ClassPathMapperScanner - Identified candidate component class: file [/Users/season/Projects/ParkingSystem/backend/target/classes/com/xl/parking/mapper/CommentMapper.class]
2023-06-20 22:49:44.189 [main] DEBUG org.mybatis.spring.mapper.ClassPathMapperScanner - Identified candidate component class: file [/Users/season/Projects/ParkingSystem/backend/target/classes/com/xl/parking/mapper/CommunityMapper.class]
2023-06-20 22:49:44.189 [main] DEBUG org.mybatis.spring.mapper.ClassPathMapperScanner - Identified candidate component class: file [/Users/season/Projects/ParkingSystem/backend/target/classes/com/xl/parking/mapper/FeeMapper.class]
2023-06-20 22:49:44.189 [main] DEBUG org.mybatis.spring.mapper.ClassPathMapperScanner - Identified candidate component class: file [/Users/season/Projects/ParkingSystem/backend/target/classes/com/xl/parking/mapper/LoginInfoMapper.class]
2023-06-20 22:49:44.189 [main] DEBUG org.mybatis.spring.mapper.ClassPathMapperScanner - Identified candidate component class: file [/Users/season/Projects/ParkingSystem/backend/target/classes/com/xl/parking/mapper/MessageMapper.class]
2023-06-20 22:49:44.189 [main] DEBUG org.mybatis.spring.mapper.ClassPathMapperScanner - Identified candidate component class: file [/Users/season/Projects/ParkingSystem/backend/target/classes/com/xl/parking/mapper/RechargeMapper.class]
2023-06-20 22:49:44.189 [main] DEBUG org.mybatis.spring.mapper.ClassPathMapperScanner - Identified candidate component class: file [/Users/season/Projects/ParkingSystem/backend/target/classes/com/xl/parking/mapper/StallMapper.class]
2023-06-20 22:49:44.190 [main] DEBUG org.mybatis.spring.mapper.ClassPathMapperScanner - Identified candidate component class: file [/Users/season/Projects/ParkingSystem/backend/target/classes/com/xl/parking/mapper/StallResMapper.class]
2023-06-20 22:49:44.190 [main] DEBUG org.mybatis.spring.mapper.ClassPathMapperScanner - Identified candidate component class: file [/Users/season/Projects/ParkingSystem/backend/target/classes/com/xl/parking/mapper/StallTypeMapper.class]
2023-06-20 22:49:44.190 [main] DEBUG org.mybatis.spring.mapper.ClassPathMapperScanner - Identified candidate component class: file [/Users/season/Projects/ParkingSystem/backend/target/classes/com/xl/parking/mapper/UserMapper.class]
2023-06-20 22:49:44.190 [main] DEBUG org.mybatis.spring.mapper.ClassPathMapperScanner - Creating MapperFactoryBean with name 'carMapper' and 'com.xl.parking.mapper.CarMapper' mapperInterface
2023-06-20 22:49:44.190 [main] DEBUG org.mybatis.spring.mapper.ClassPathMapperScanner - Enabling autowire by type for MapperFactoryBean with name 'carMapper'.
2023-06-20 22:49:44.190 [main] DEBUG org.mybatis.spring.mapper.ClassPathMapperScanner - Creating MapperFactoryBean with name 'commentMapper' and 'com.xl.parking.mapper.CommentMapper' mapperInterface
2023-06-20 22:49:44.190 [main] DEBUG org.mybatis.spring.mapper.ClassPathMapperScanner - Enabling autowire by type for MapperFactoryBean with name 'commentMapper'.
2023-06-20 22:49:44.190 [main] DEBUG org.mybatis.spring.mapper.ClassPathMapperScanner - Creating MapperFactoryBean with name 'communityMapper' and 'com.xl.parking.mapper.CommunityMapper' mapperInterface
2023-06-20 22:49:44.190 [main] DEBUG org.mybatis.spring.mapper.ClassPathMapperScanner - Enabling autowire by type for MapperFactoryBean with name 'communityMapper'.
2023-06-20 22:49:44.190 [main] DEBUG org.mybatis.spring.mapper.ClassPathMapperScanner - Creating MapperFactoryBean with name 'feeMapper' and 'com.xl.parking.mapper.FeeMapper' mapperInterface
2023-06-20 22:49:44.190 [main] DEBUG org.mybatis.spring.mapper.ClassPathMapperScanner - Enabling autowire by type for MapperFactoryBean with name 'feeMapper'.
2023-06-20 22:49:44.190 [main] DEBUG org.mybatis.spring.mapper.ClassPathMapperScanner - Creating MapperFactoryBean with name 'loginInfoMapper' and 'com.xl.parking.mapper.LoginInfoMapper' mapperInterface
2023-06-20 22:49:44.190 [main] DEBUG org.mybatis.spring.mapper.ClassPathMapperScanner - Enabling autowire by type for MapperFactoryBean with name 'loginInfoMapper'.
2023-06-20 22:49:44.190 [main] DEBUG org.mybatis.spring.mapper.ClassPathMapperScanner - Creating MapperFactoryBean with name 'messageMapper' and 'com.xl.parking.mapper.MessageMapper' mapperInterface
2023-06-20 22:49:44.190 [main] DEBUG org.mybatis.spring.mapper.ClassPathMapperScanner - Enabling autowire by type for MapperFactoryBean with name 'messageMapper'.
2023-06-20 22:49:44.190 [main] DEBUG org.mybatis.spring.mapper.ClassPathMapperScanner - Creating MapperFactoryBean with name 'rechargeMapper' and 'com.xl.parking.mapper.RechargeMapper' mapperInterface
2023-06-20 22:49:44.190 [main] DEBUG org.mybatis.spring.mapper.ClassPathMapperScanner - Enabling autowire by type for MapperFactoryBean with name 'rechargeMapper'.
2023-06-20 22:49:44.190 [main] DEBUG org.mybatis.spring.mapper.ClassPathMapperScanner - Creating MapperFactoryBean with name 'stallMapper' and 'com.xl.parking.mapper.StallMapper' mapperInterface
2023-06-20 22:49:44.190 [main] DEBUG org.mybatis.spring.mapper.ClassPathMapperScanner - Enabling autowire by type for MapperFactoryBean with name 'stallMapper'.
2023-06-20 22:49:44.190 [main] DEBUG org.mybatis.spring.mapper.ClassPathMapperScanner - Creating MapperFactoryBean with name 'stallResMapper' and 'com.xl.parking.mapper.StallResMapper' mapperInterface
2023-06-20 22:49:44.190 [main] DEBUG org.mybatis.spring.mapper.ClassPathMapperScanner - Enabling autowire by type for MapperFactoryBean with name 'stallResMapper'.
2023-06-20 22:49:44.191 [main] DEBUG org.mybatis.spring.mapper.ClassPathMapperScanner - Creating MapperFactoryBean with name 'stallTypeMapper' and 'com.xl.parking.mapper.StallTypeMapper' mapperInterface
2023-06-20 22:49:44.191 [main] DEBUG org.mybatis.spring.mapper.ClassPathMapperScanner - Enabling autowire by type for MapperFactoryBean with name 'stallTypeMapper'.
2023-06-20 22:49:44.191 [main] DEBUG org.mybatis.spring.mapper.ClassPathMapperScanner - Creating MapperFactoryBean with name 'userMapper' and 'com.xl.parking.mapper.UserMapper' mapperInterface
2023-06-20 22:49:44.191 [main] DEBUG org.mybatis.spring.mapper.ClassPathMapperScanner - Enabling autowire by type for MapperFactoryBean with name 'userMapper'.
